02-26 16:47:40 root         INFO     ./applications/wm5-normalize-experiment-6/GHSOM/output/wm5-normalize-experiment-6-item-seq\wm5-normalize-experiment-6-item-seq.unit
./applications/wm5-normalize-experiment-6/GHSOM/output/wm5-normalize-experiment-6-item-seq\wm5-normalize-experiment-6-item-seq_submap_lvl2_0x0.unit
./applications/wm5-normalize-experiment-6/GHSOM/output/wm5-normalize-experiment-6-item-seq\wm5-normalize-experiment-6-item-seq_submap_lvl2_0x1.unit
./applications/wm5-normalize-experiment-6/GHSOM/output/wm5-normalize-experiment-6-item-seq\wm5-normalize-experiment-6-item-seq_submap_lvl2_1x0.unit
./applications/wm5-normalize-experiment-6/GHSOM/output/wm5-normalize-experiment-6-item-seq\wm5-normalize-experiment-6-item-seq_submap_lvl2_1x1.unit
./applications/wm5-normalize-experiment-6/GHSOM/output/wm5-normalize-experiment-6-item-seq\wm5-normalize-experiment-6-item-seq_submap_lvl2_2x0.unit
./applications/wm5-normalize-experiment-6/GHSOM/output/wm5-normalize-experiment-6-item-seq\wm5-normalize-experiment-6-item-seq_submap_lvl2_2x1.unit
./applications/wm5-normalize-experiment-6/GHSOM/output/wm5-normalize-experiment-6-item-seq\wm5-normalize-experiment-6-item-seq_submap_lvl2_3x0.unit
./applications/wm5-normalize-experiment-6/GHSOM/output/wm5-normalize-experiment-6-item-seq\wm5-normalize-experiment-6-item-seq_submap_lvl2_3x1.unit
./applications/wm5-normalize-experiment-6/GHSOM/output/wm5-normalize-experiment-6-item-seq\wm5-normalize-experiment-6-item-seq_submap_lvl3_0x0_0x0.unit
./applications/wm5-normalize-experiment-6/GHSOM/output/wm5-normalize-experiment-6-item-seq\wm5-normalize-experiment-6-item-seq_submap_lvl3_1x1_0x2.unit
./applications/wm5-normalize-experiment-6/GHSOM/output/wm5-normalize-experiment-6-item-seq\wm5-normalize-experiment-6-item-seq_submap_lvl3_1x1_1x0.unit
./applications/wm5-normalize-experiment-6/GHSOM/output/wm5-normalize-experiment-6-item-seq\wm5-normalize-experiment-6-item-seq_submap_lvl3_1x1_1x2.unit
./applications/wm5-normalize-experiment-6/GHSOM/output/wm5-normalize-experiment-6-item-seq\wm5-normalize-experiment-6-item-seq_submap_lvl3_2x1_0x0.unit
./applications/wm5-normalize-experiment-6/GHSOM/output/wm5-normalize-experiment-6-item-seq\wm5-normalize-experiment-6-item-seq_submap_lvl3_2x1_0x1.unit
./applications/wm5-normalize-experiment-6/GHSOM/output/wm5-normalize-experiment-6-item-seq\wm5-normalize-experiment-6-item-seq_submap_lvl3_2x1_2x0.unit
./applications/wm5-normalize-experiment-6/GHSOM/output/wm5-normalize-experiment-6-item-seq\wm5-normalize-experiment-6-item-seq_submap_lvl3_2x1_3x0.unit
./applications/wm5-normalize-experiment-6/GHSOM/output/wm5-normalize-experiment-6-item-seq\wm5-normalize-experiment-6-item-seq_submap_lvl4_1x1_1x0_0x0.unit
layer: [8, 8, 6, 9]
max_layer: 4
number_of_digits: [1, 1, 1, 1]

02-26 16:47:42 root         INFO     ./applications/wm5-normalize-experiment-6/GHSOM/output/wm5-normalize-experiment-6-item-seq\wm5-normalize-experiment-6-item-seq.unit
./applications/wm5-normalize-experiment-6/GHSOM/output/wm5-normalize-experiment-6-item-seq\wm5-normalize-experiment-6-item-seq_submap_lvl2_0x0.unit
./applications/wm5-normalize-experiment-6/GHSOM/output/wm5-normalize-experiment-6-item-seq\wm5-normalize-experiment-6-item-seq_submap_lvl2_0x1.unit
./applications/wm5-normalize-experiment-6/GHSOM/output/wm5-normalize-experiment-6-item-seq\wm5-normalize-experiment-6-item-seq_submap_lvl2_1x0.unit
./applications/wm5-normalize-experiment-6/GHSOM/output/wm5-normalize-experiment-6-item-seq\wm5-normalize-experiment-6-item-seq_submap_lvl2_1x1.unit
./applications/wm5-normalize-experiment-6/GHSOM/output/wm5-normalize-experiment-6-item-seq\wm5-normalize-experiment-6-item-seq_submap_lvl2_2x0.unit
./applications/wm5-normalize-experiment-6/GHSOM/output/wm5-normalize-experiment-6-item-seq\wm5-normalize-experiment-6-item-seq_submap_lvl2_2x1.unit
./applications/wm5-normalize-experiment-6/GHSOM/output/wm5-normalize-experiment-6-item-seq\wm5-normalize-experiment-6-item-seq_submap_lvl2_3x0.unit
./applications/wm5-normalize-experiment-6/GHSOM/output/wm5-normalize-experiment-6-item-seq\wm5-normalize-experiment-6-item-seq_submap_lvl2_3x1.unit
./applications/wm5-normalize-experiment-6/GHSOM/output/wm5-normalize-experiment-6-item-seq\wm5-normalize-experiment-6-item-seq_submap_lvl3_0x0_0x0.unit
./applications/wm5-normalize-experiment-6/GHSOM/output/wm5-normalize-experiment-6-item-seq\wm5-normalize-experiment-6-item-seq_submap_lvl3_1x1_0x2.unit
./applications/wm5-normalize-experiment-6/GHSOM/output/wm5-normalize-experiment-6-item-seq\wm5-normalize-experiment-6-item-seq_submap_lvl3_1x1_1x0.unit
./applications/wm5-normalize-experiment-6/GHSOM/output/wm5-normalize-experiment-6-item-seq\wm5-normalize-experiment-6-item-seq_submap_lvl3_1x1_1x2.unit
./applications/wm5-normalize-experiment-6/GHSOM/output/wm5-normalize-experiment-6-item-seq\wm5-normalize-experiment-6-item-seq_submap_lvl3_2x1_0x0.unit
./applications/wm5-normalize-experiment-6/GHSOM/output/wm5-normalize-experiment-6-item-seq\wm5-normalize-experiment-6-item-seq_submap_lvl3_2x1_0x1.unit
./applications/wm5-normalize-experiment-6/GHSOM/output/wm5-normalize-experiment-6-item-seq\wm5-normalize-experiment-6-item-seq_submap_lvl3_2x1_2x0.unit
./applications/wm5-normalize-experiment-6/GHSOM/output/wm5-normalize-experiment-6-item-seq\wm5-normalize-experiment-6-item-seq_submap_lvl3_2x1_3x0.unit
./applications/wm5-normalize-experiment-6/GHSOM/output/wm5-normalize-experiment-6-item-seq\wm5-normalize-experiment-6-item-seq_submap_lvl4_1x1_1x0_0x0.unit
layer: [8, 8, 6, 9]
max_layer: 4
number_of_digits: [1, 1, 1, 1]

