04-21 02:47:38 root         INFO     ./applications/wm5_all_minutes_normalize/GHSOM/output/wm5_all_minutes_normalize-item-seq\wm5_all_minutes_normalize-item-seq.unit
./applications/wm5_all_minutes_normalize/GHSOM/output/wm5_all_minutes_normalize-item-seq\wm5_all_minutes_normalize-item-seq_submap_lvl2_0x0.unit
./applications/wm5_all_minutes_normalize/GHSOM/output/wm5_all_minutes_normalize-item-seq\wm5_all_minutes_normalize-item-seq_submap_lvl2_0x1.unit
./applications/wm5_all_minutes_normalize/GHSOM/output/wm5_all_minutes_normalize-item-seq\wm5_all_minutes_normalize-item-seq_submap_lvl2_1x0.unit
./applications/wm5_all_minutes_normalize/GHSOM/output/wm5_all_minutes_normalize-item-seq\wm5_all_minutes_normalize-item-seq_submap_lvl2_1x1.unit
./applications/wm5_all_minutes_normalize/GHSOM/output/wm5_all_minutes_normalize-item-seq\wm5_all_minutes_normalize-item-seq_submap_lvl2_2x0.unit
./applications/wm5_all_minutes_normalize/GHSOM/output/wm5_all_minutes_normalize-item-seq\wm5_all_minutes_normalize-item-seq_submap_lvl2_2x1.unit
./applications/wm5_all_minutes_normalize/GHSOM/output/wm5_all_minutes_normalize-item-seq\wm5_all_minutes_normalize-item-seq_submap_lvl2_3x0.unit
./applications/wm5_all_minutes_normalize/GHSOM/output/wm5_all_minutes_normalize-item-seq\wm5_all_minutes_normalize-item-seq_submap_lvl2_3x1.unit
./applications/wm5_all_minutes_normalize/GHSOM/output/wm5_all_minutes_normalize-item-seq\wm5_all_minutes_normalize-item-seq_submap_lvl3_0x0_0x1.unit
./applications/wm5_all_minutes_normalize/GHSOM/output/wm5_all_minutes_normalize-item-seq\wm5_all_minutes_normalize-item-seq_submap_lvl3_0x0_1x1.unit
./applications/wm5_all_minutes_normalize/GHSOM/output/wm5_all_minutes_normalize-item-seq\wm5_all_minutes_normalize-item-seq_submap_lvl3_1x0_0x1.unit
./applications/wm5_all_minutes_normalize/GHSOM/output/wm5_all_minutes_normalize-item-seq\wm5_all_minutes_normalize-item-seq_submap_lvl3_1x0_1x0.unit
./applications/wm5_all_minutes_normalize/GHSOM/output/wm5_all_minutes_normalize-item-seq\wm5_all_minutes_normalize-item-seq_submap_lvl3_1x1_0x1.unit
./applications/wm5_all_minutes_normalize/GHSOM/output/wm5_all_minutes_normalize-item-seq\wm5_all_minutes_normalize-item-seq_submap_lvl3_2x0_0x2.unit
./applications/wm5_all_minutes_normalize/GHSOM/output/wm5_all_minutes_normalize-item-seq\wm5_all_minutes_normalize-item-seq_submap_lvl3_2x1_0x1.unit
./applications/wm5_all_minutes_normalize/GHSOM/output/wm5_all_minutes_normalize-item-seq\wm5_all_minutes_normalize-item-seq_submap_lvl3_3x0_0x1.unit
./applications/wm5_all_minutes_normalize/GHSOM/output/wm5_all_minutes_normalize-item-seq\wm5_all_minutes_normalize-item-seq_submap_lvl3_3x1_2x0.unit
./applications/wm5_all_minutes_normalize/GHSOM/output/wm5_all_minutes_normalize-item-seq\wm5_all_minutes_normalize-item-seq_submap_lvl4_1x0_1x0_2x0.unit
./applications/wm5_all_minutes_normalize/GHSOM/output/wm5_all_minutes_normalize-item-seq\wm5_all_minutes_normalize-item-seq_submap_lvl5_1x0_1x0_2x0_2x2.unit
layer: [8, 6, 8, 9, 6]
max_layer: 5
number_of_digits: [1, 1, 1, 1, 1]

