02-26 15:44:22 root         INFO     ./applications/wm5-normalize-experiment-4/GHSOM/output/wm5-normalize-experiment-4-item-seq\wm5-normalize-experiment-4-item-seq.unit
./applications/wm5-normalize-experiment-4/GHSOM/output/wm5-normalize-experiment-4-item-seq\wm5-normalize-experiment-4-item-seq_submap_lvl2_0x2.unit
./applications/wm5-normalize-experiment-4/GHSOM/output/wm5-normalize-experiment-4-item-seq\wm5-normalize-experiment-4-item-seq_submap_lvl2_0x3.unit
./applications/wm5-normalize-experiment-4/GHSOM/output/wm5-normalize-experiment-4-item-seq\wm5-normalize-experiment-4-item-seq_submap_lvl2_1x0.unit
./applications/wm5-normalize-experiment-4/GHSOM/output/wm5-normalize-experiment-4-item-seq\wm5-normalize-experiment-4-item-seq_submap_lvl2_1x1.unit
./applications/wm5-normalize-experiment-4/GHSOM/output/wm5-normalize-experiment-4-item-seq\wm5-normalize-experiment-4-item-seq_submap_lvl3_0x3_0x2.unit
./applications/wm5-normalize-experiment-4/GHSOM/output/wm5-normalize-experiment-4-item-seq\wm5-normalize-experiment-4-item-seq_submap_lvl3_1x0_1x1.unit
layer: [8, 8, 6]
max_layer: 3
number_of_digits: [1, 1, 1]

02-26 15:44:24 root         INFO     ./applications/wm5-normalize-experiment-4/GHSOM/output/wm5-normalize-experiment-4-item-seq\wm5-normalize-experiment-4-item-seq.unit
./applications/wm5-normalize-experiment-4/GHSOM/output/wm5-normalize-experiment-4-item-seq\wm5-normalize-experiment-4-item-seq_submap_lvl2_0x2.unit
./applications/wm5-normalize-experiment-4/GHSOM/output/wm5-normalize-experiment-4-item-seq\wm5-normalize-experiment-4-item-seq_submap_lvl2_0x3.unit
./applications/wm5-normalize-experiment-4/GHSOM/output/wm5-normalize-experiment-4-item-seq\wm5-normalize-experiment-4-item-seq_submap_lvl2_1x0.unit
./applications/wm5-normalize-experiment-4/GHSOM/output/wm5-normalize-experiment-4-item-seq\wm5-normalize-experiment-4-item-seq_submap_lvl2_1x1.unit
./applications/wm5-normalize-experiment-4/GHSOM/output/wm5-normalize-experiment-4-item-seq\wm5-normalize-experiment-4-item-seq_submap_lvl3_0x3_0x2.unit
./applications/wm5-normalize-experiment-4/GHSOM/output/wm5-normalize-experiment-4-item-seq\wm5-normalize-experiment-4-item-seq_submap_lvl3_1x0_1x1.unit
layer: [8, 8, 6]
max_layer: 3
number_of_digits: [1, 1, 1]

