03-13 20:48:34 root         INFO     ./applications/wm5_all_reshape/GHSOM/output/wm5_all_reshape-item-seq\wm5_all_reshape-item-seq.unit
./applications/wm5_all_reshape/GHSOM/output/wm5_all_reshape-item-seq\wm5_all_reshape-item-seq_submap_lvl2_0x0.unit
./applications/wm5_all_reshape/GHSOM/output/wm5_all_reshape-item-seq\wm5_all_reshape-item-seq_submap_lvl2_1x0.unit
./applications/wm5_all_reshape/GHSOM/output/wm5_all_reshape-item-seq\wm5_all_reshape-item-seq_submap_lvl2_1x1.unit
./applications/wm5_all_reshape/GHSOM/output/wm5_all_reshape-item-seq\wm5_all_reshape-item-seq_submap_lvl2_2x0.unit
./applications/wm5_all_reshape/GHSOM/output/wm5_all_reshape-item-seq\wm5_all_reshape-item-seq_submap_lvl2_2x1.unit
./applications/wm5_all_reshape/GHSOM/output/wm5_all_reshape-item-seq\wm5_all_reshape-item-seq_submap_lvl2_3x1.unit
./applications/wm5_all_reshape/GHSOM/output/wm5_all_reshape-item-seq\wm5_all_reshape-item-seq_submap_lvl3_1x0_0x1.unit
./applications/wm5_all_reshape/GHSOM/output/wm5_all_reshape-item-seq\wm5_all_reshape-item-seq_submap_lvl3_1x0_0x2.unit
./applications/wm5_all_reshape/GHSOM/output/wm5_all_reshape-item-seq\wm5_all_reshape-item-seq_submap_lvl3_1x0_1x2.unit
./applications/wm5_all_reshape/GHSOM/output/wm5_all_reshape-item-seq\wm5_all_reshape-item-seq_submap_lvl3_1x1_1x1.unit
./applications/wm5_all_reshape/GHSOM/output/wm5_all_reshape-item-seq\wm5_all_reshape-item-seq_submap_lvl3_1x1_2x1.unit
./applications/wm5_all_reshape/GHSOM/output/wm5_all_reshape-item-seq\wm5_all_reshape-item-seq_submap_lvl3_2x1_0x2.unit
./applications/wm5_all_reshape/GHSOM/output/wm5_all_reshape-item-seq\wm5_all_reshape-item-seq_submap_lvl3_2x1_1x2.unit
./applications/wm5_all_reshape/GHSOM/output/wm5_all_reshape-item-seq\wm5_all_reshape-item-seq_submap_lvl3_3x1_0x1.unit
./applications/wm5_all_reshape/GHSOM/output/wm5_all_reshape-item-seq\wm5_all_reshape-item-seq_submap_lvl4_2x1_1x2_1x2.unit
layer: [8, 6, 6, 6]
max_layer: 4
number_of_digits: [1, 1, 1, 1]

03-13 20:48:36 root         INFO     ./applications/wm5_all_reshape/GHSOM/output/wm5_all_reshape-item-seq\wm5_all_reshape-item-seq.unit
./applications/wm5_all_reshape/GHSOM/output/wm5_all_reshape-item-seq\wm5_all_reshape-item-seq_submap_lvl2_0x0.unit
./applications/wm5_all_reshape/GHSOM/output/wm5_all_reshape-item-seq\wm5_all_reshape-item-seq_submap_lvl2_1x0.unit
./applications/wm5_all_reshape/GHSOM/output/wm5_all_reshape-item-seq\wm5_all_reshape-item-seq_submap_lvl2_1x1.unit
./applications/wm5_all_reshape/GHSOM/output/wm5_all_reshape-item-seq\wm5_all_reshape-item-seq_submap_lvl2_2x0.unit
./applications/wm5_all_reshape/GHSOM/output/wm5_all_reshape-item-seq\wm5_all_reshape-item-seq_submap_lvl2_2x1.unit
./applications/wm5_all_reshape/GHSOM/output/wm5_all_reshape-item-seq\wm5_all_reshape-item-seq_submap_lvl2_3x1.unit
./applications/wm5_all_reshape/GHSOM/output/wm5_all_reshape-item-seq\wm5_all_reshape-item-seq_submap_lvl3_1x0_0x1.unit
./applications/wm5_all_reshape/GHSOM/output/wm5_all_reshape-item-seq\wm5_all_reshape-item-seq_submap_lvl3_1x0_0x2.unit
./applications/wm5_all_reshape/GHSOM/output/wm5_all_reshape-item-seq\wm5_all_reshape-item-seq_submap_lvl3_1x0_1x2.unit
./applications/wm5_all_reshape/GHSOM/output/wm5_all_reshape-item-seq\wm5_all_reshape-item-seq_submap_lvl3_1x1_1x1.unit
./applications/wm5_all_reshape/GHSOM/output/wm5_all_reshape-item-seq\wm5_all_reshape-item-seq_submap_lvl3_1x1_2x1.unit
./applications/wm5_all_reshape/GHSOM/output/wm5_all_reshape-item-seq\wm5_all_reshape-item-seq_submap_lvl3_2x1_0x2.unit
./applications/wm5_all_reshape/GHSOM/output/wm5_all_reshape-item-seq\wm5_all_reshape-item-seq_submap_lvl3_2x1_1x2.unit
./applications/wm5_all_reshape/GHSOM/output/wm5_all_reshape-item-seq\wm5_all_reshape-item-seq_submap_lvl3_3x1_0x1.unit
./applications/wm5_all_reshape/GHSOM/output/wm5_all_reshape-item-seq\wm5_all_reshape-item-seq_submap_lvl4_2x1_1x2_1x2.unit
layer: [8, 6, 6, 6]
max_layer: 4
number_of_digits: [1, 1, 1, 1]

