03-13 21:24:39 root         INFO     ./applications/wm5_all_reshape/GHSOM/output/wm5_all_reshape-item-seq\wm5_all_reshape-item-seq.unit
./applications/wm5_all_reshape/GHSOM/output/wm5_all_reshape-item-seq\wm5_all_reshape-item-seq_submap_lvl2_0x0.unit
./applications/wm5_all_reshape/GHSOM/output/wm5_all_reshape-item-seq\wm5_all_reshape-item-seq_submap_lvl2_0x1.unit
./applications/wm5_all_reshape/GHSOM/output/wm5_all_reshape-item-seq\wm5_all_reshape-item-seq_submap_lvl2_0x2.unit
./applications/wm5_all_reshape/GHSOM/output/wm5_all_reshape-item-seq\wm5_all_reshape-item-seq_submap_lvl2_1x0.unit
./applications/wm5_all_reshape/GHSOM/output/wm5_all_reshape-item-seq\wm5_all_reshape-item-seq_submap_lvl2_1x1.unit
./applications/wm5_all_reshape/GHSOM/output/wm5_all_reshape-item-seq\wm5_all_reshape-item-seq_submap_lvl2_1x2.unit
./applications/wm5_all_reshape/GHSOM/output/wm5_all_reshape-item-seq\wm5_all_reshape-item-seq_submap_lvl2_2x0.unit
./applications/wm5_all_reshape/GHSOM/output/wm5_all_reshape-item-seq\wm5_all_reshape-item-seq_submap_lvl2_2x1.unit
./applications/wm5_all_reshape/GHSOM/output/wm5_all_reshape-item-seq\wm5_all_reshape-item-seq_submap_lvl2_2x2.unit
./applications/wm5_all_reshape/GHSOM/output/wm5_all_reshape-item-seq\wm5_all_reshape-item-seq_submap_lvl3_0x0_0x1.unit
./applications/wm5_all_reshape/GHSOM/output/wm5_all_reshape-item-seq\wm5_all_reshape-item-seq_submap_lvl3_0x0_1x2.unit
./applications/wm5_all_reshape/GHSOM/output/wm5_all_reshape-item-seq\wm5_all_reshape-item-seq_submap_lvl3_0x2_1x1.unit
./applications/wm5_all_reshape/GHSOM/output/wm5_all_reshape-item-seq\wm5_all_reshape-item-seq_submap_lvl3_1x2_0x2.unit
./applications/wm5_all_reshape/GHSOM/output/wm5_all_reshape-item-seq\wm5_all_reshape-item-seq_submap_lvl3_1x2_1x0.unit
./applications/wm5_all_reshape/GHSOM/output/wm5_all_reshape-item-seq\wm5_all_reshape-item-seq_submap_lvl3_1x2_1x1.unit
./applications/wm5_all_reshape/GHSOM/output/wm5_all_reshape-item-seq\wm5_all_reshape-item-seq_submap_lvl3_1x2_2x2.unit
./applications/wm5_all_reshape/GHSOM/output/wm5_all_reshape-item-seq\wm5_all_reshape-item-seq_submap_lvl3_2x1_0x0.unit
./applications/wm5_all_reshape/GHSOM/output/wm5_all_reshape-item-seq\wm5_all_reshape-item-seq_submap_lvl3_2x1_0x1.unit
./applications/wm5_all_reshape/GHSOM/output/wm5_all_reshape-item-seq\wm5_all_reshape-item-seq_submap_lvl3_2x1_1x0.unit
./applications/wm5_all_reshape/GHSOM/output/wm5_all_reshape-item-seq\wm5_all_reshape-item-seq_submap_lvl4_1x2_1x1_2x1.unit
./applications/wm5_all_reshape/GHSOM/output/wm5_all_reshape-item-seq\wm5_all_reshape-item-seq_submap_lvl5_1x2_1x1_2x1_0x1.unit
layer: [9, 9, 9, 6, 6]
max_layer: 5
number_of_digits: [1, 1, 1, 1, 1]

