03-13 21:19:44 root         INFO     ./applications/wm5_all_reshape_2/GHSOM/output/wm5_all_reshape_2-item-seq\wm5_all_reshape_2-item-seq.unit
./applications/wm5_all_reshape_2/GHSOM/output/wm5_all_reshape_2-item-seq\wm5_all_reshape_2-item-seq_submap_lvl2_0x0.unit
./applications/wm5_all_reshape_2/GHSOM/output/wm5_all_reshape_2-item-seq\wm5_all_reshape_2-item-seq_submap_lvl2_0x1.unit
./applications/wm5_all_reshape_2/GHSOM/output/wm5_all_reshape_2-item-seq\wm5_all_reshape_2-item-seq_submap_lvl2_0x2.unit
./applications/wm5_all_reshape_2/GHSOM/output/wm5_all_reshape_2-item-seq\wm5_all_reshape_2-item-seq_submap_lvl2_1x0.unit
./applications/wm5_all_reshape_2/GHSOM/output/wm5_all_reshape_2-item-seq\wm5_all_reshape_2-item-seq_submap_lvl2_1x1.unit
./applications/wm5_all_reshape_2/GHSOM/output/wm5_all_reshape_2-item-seq\wm5_all_reshape_2-item-seq_submap_lvl2_1x2.unit
./applications/wm5_all_reshape_2/GHSOM/output/wm5_all_reshape_2-item-seq\wm5_all_reshape_2-item-seq_submap_lvl3_0x1_0x1.unit
./applications/wm5_all_reshape_2/GHSOM/output/wm5_all_reshape_2-item-seq\wm5_all_reshape_2-item-seq_submap_lvl3_0x1_1x0.unit
./applications/wm5_all_reshape_2/GHSOM/output/wm5_all_reshape_2-item-seq\wm5_all_reshape_2-item-seq_submap_lvl3_0x1_1x1.unit
./applications/wm5_all_reshape_2/GHSOM/output/wm5_all_reshape_2-item-seq\wm5_all_reshape_2-item-seq_submap_lvl3_0x1_1x2.unit
./applications/wm5_all_reshape_2/GHSOM/output/wm5_all_reshape_2-item-seq\wm5_all_reshape_2-item-seq_submap_lvl3_0x2_0x0.unit
./applications/wm5_all_reshape_2/GHSOM/output/wm5_all_reshape_2-item-seq\wm5_all_reshape_2-item-seq_submap_lvl3_0x2_0x1.unit
./applications/wm5_all_reshape_2/GHSOM/output/wm5_all_reshape_2-item-seq\wm5_all_reshape_2-item-seq_submap_lvl3_0x2_1x1.unit
./applications/wm5_all_reshape_2/GHSOM/output/wm5_all_reshape_2-item-seq\wm5_all_reshape_2-item-seq_submap_lvl3_1x0_1x1.unit
./applications/wm5_all_reshape_2/GHSOM/output/wm5_all_reshape_2-item-seq\wm5_all_reshape_2-item-seq_submap_lvl3_1x0_2x0.unit
./applications/wm5_all_reshape_2/GHSOM/output/wm5_all_reshape_2-item-seq\wm5_all_reshape_2-item-seq_submap_lvl3_1x0_2x1.unit
./applications/wm5_all_reshape_2/GHSOM/output/wm5_all_reshape_2-item-seq\wm5_all_reshape_2-item-seq_submap_lvl3_1x1_0x0.unit
./applications/wm5_all_reshape_2/GHSOM/output/wm5_all_reshape_2-item-seq\wm5_all_reshape_2-item-seq_submap_lvl3_1x1_0x1.unit
./applications/wm5_all_reshape_2/GHSOM/output/wm5_all_reshape_2-item-seq\wm5_all_reshape_2-item-seq_submap_lvl3_1x2_0x0.unit
./applications/wm5_all_reshape_2/GHSOM/output/wm5_all_reshape_2-item-seq\wm5_all_reshape_2-item-seq_submap_lvl3_1x2_1x1.unit
./applications/wm5_all_reshape_2/GHSOM/output/wm5_all_reshape_2-item-seq\wm5_all_reshape_2-item-seq_submap_lvl3_1x2_2x0.unit
./applications/wm5_all_reshape_2/GHSOM/output/wm5_all_reshape_2-item-seq\wm5_all_reshape_2-item-seq_submap_lvl3_1x2_2x1.unit
./applications/wm5_all_reshape_2/GHSOM/output/wm5_all_reshape_2-item-seq\wm5_all_reshape_2-item-seq_submap_lvl4_0x1_1x1_0x0.unit
./applications/wm5_all_reshape_2/GHSOM/output/wm5_all_reshape_2-item-seq\wm5_all_reshape_2-item-seq_submap_lvl4_1x2_0x0_1x2.unit
./applications/wm5_all_reshape_2/GHSOM/output/wm5_all_reshape_2-item-seq\wm5_all_reshape_2-item-seq_submap_lvl4_1x2_1x1_0x1.unit
./applications/wm5_all_reshape_2/GHSOM/output/wm5_all_reshape_2-item-seq\wm5_all_reshape_2-item-seq_submap_lvl4_1x2_1x1_2x0.unit
./applications/wm5_all_reshape_2/GHSOM/output/wm5_all_reshape_2-item-seq\wm5_all_reshape_2-item-seq_submap_lvl4_1x2_2x1_0x0.unit
./applications/wm5_all_reshape_2/GHSOM/output/wm5_all_reshape_2-item-seq\wm5_all_reshape_2-item-seq_submap_lvl5_1x2_1x1_2x0_0x2.unit
./applications/wm5_all_reshape_2/GHSOM/output/wm5_all_reshape_2-item-seq\wm5_all_reshape_2-item-seq_submap_lvl5_1x2_1x1_2x0_1x0.unit
./applications/wm5_all_reshape_2/GHSOM/output/wm5_all_reshape_2-item-seq\wm5_all_reshape_2-item-seq_submap_lvl6_1x2_1x1_2x0_0x2_1x1.unit
layer: [6, 6, 6, 6, 6, 6]
max_layer: 6
number_of_digits: [1, 1, 1, 1, 1, 1]

03-13 21:19:46 root         INFO     ./applications/wm5_all_reshape_2/GHSOM/output/wm5_all_reshape_2-item-seq\wm5_all_reshape_2-item-seq.unit
./applications/wm5_all_reshape_2/GHSOM/output/wm5_all_reshape_2-item-seq\wm5_all_reshape_2-item-seq_submap_lvl2_0x0.unit
./applications/wm5_all_reshape_2/GHSOM/output/wm5_all_reshape_2-item-seq\wm5_all_reshape_2-item-seq_submap_lvl2_0x1.unit
./applications/wm5_all_reshape_2/GHSOM/output/wm5_all_reshape_2-item-seq\wm5_all_reshape_2-item-seq_submap_lvl2_0x2.unit
./applications/wm5_all_reshape_2/GHSOM/output/wm5_all_reshape_2-item-seq\wm5_all_reshape_2-item-seq_submap_lvl2_1x0.unit
./applications/wm5_all_reshape_2/GHSOM/output/wm5_all_reshape_2-item-seq\wm5_all_reshape_2-item-seq_submap_lvl2_1x1.unit
./applications/wm5_all_reshape_2/GHSOM/output/wm5_all_reshape_2-item-seq\wm5_all_reshape_2-item-seq_submap_lvl2_1x2.unit
./applications/wm5_all_reshape_2/GHSOM/output/wm5_all_reshape_2-item-seq\wm5_all_reshape_2-item-seq_submap_lvl3_0x1_0x1.unit
./applications/wm5_all_reshape_2/GHSOM/output/wm5_all_reshape_2-item-seq\wm5_all_reshape_2-item-seq_submap_lvl3_0x1_1x0.unit
./applications/wm5_all_reshape_2/GHSOM/output/wm5_all_reshape_2-item-seq\wm5_all_reshape_2-item-seq_submap_lvl3_0x1_1x1.unit
./applications/wm5_all_reshape_2/GHSOM/output/wm5_all_reshape_2-item-seq\wm5_all_reshape_2-item-seq_submap_lvl3_0x1_1x2.unit
./applications/wm5_all_reshape_2/GHSOM/output/wm5_all_reshape_2-item-seq\wm5_all_reshape_2-item-seq_submap_lvl3_0x2_0x0.unit
./applications/wm5_all_reshape_2/GHSOM/output/wm5_all_reshape_2-item-seq\wm5_all_reshape_2-item-seq_submap_lvl3_0x2_0x1.unit
./applications/wm5_all_reshape_2/GHSOM/output/wm5_all_reshape_2-item-seq\wm5_all_reshape_2-item-seq_submap_lvl3_0x2_1x1.unit
./applications/wm5_all_reshape_2/GHSOM/output/wm5_all_reshape_2-item-seq\wm5_all_reshape_2-item-seq_submap_lvl3_1x0_1x1.unit
./applications/wm5_all_reshape_2/GHSOM/output/wm5_all_reshape_2-item-seq\wm5_all_reshape_2-item-seq_submap_lvl3_1x0_2x0.unit
./applications/wm5_all_reshape_2/GHSOM/output/wm5_all_reshape_2-item-seq\wm5_all_reshape_2-item-seq_submap_lvl3_1x0_2x1.unit
./applications/wm5_all_reshape_2/GHSOM/output/wm5_all_reshape_2-item-seq\wm5_all_reshape_2-item-seq_submap_lvl3_1x1_0x0.unit
./applications/wm5_all_reshape_2/GHSOM/output/wm5_all_reshape_2-item-seq\wm5_all_reshape_2-item-seq_submap_lvl3_1x1_0x1.unit
./applications/wm5_all_reshape_2/GHSOM/output/wm5_all_reshape_2-item-seq\wm5_all_reshape_2-item-seq_submap_lvl3_1x2_0x0.unit
./applications/wm5_all_reshape_2/GHSOM/output/wm5_all_reshape_2-item-seq\wm5_all_reshape_2-item-seq_submap_lvl3_1x2_1x1.unit
./applications/wm5_all_reshape_2/GHSOM/output/wm5_all_reshape_2-item-seq\wm5_all_reshape_2-item-seq_submap_lvl3_1x2_2x0.unit
./applications/wm5_all_reshape_2/GHSOM/output/wm5_all_reshape_2-item-seq\wm5_all_reshape_2-item-seq_submap_lvl3_1x2_2x1.unit
./applications/wm5_all_reshape_2/GHSOM/output/wm5_all_reshape_2-item-seq\wm5_all_reshape_2-item-seq_submap_lvl4_0x1_1x1_0x0.unit
./applications/wm5_all_reshape_2/GHSOM/output/wm5_all_reshape_2-item-seq\wm5_all_reshape_2-item-seq_submap_lvl4_1x2_0x0_1x2.unit
./applications/wm5_all_reshape_2/GHSOM/output/wm5_all_reshape_2-item-seq\wm5_all_reshape_2-item-seq_submap_lvl4_1x2_1x1_0x1.unit
./applications/wm5_all_reshape_2/GHSOM/output/wm5_all_reshape_2-item-seq\wm5_all_reshape_2-item-seq_submap_lvl4_1x2_1x1_2x0.unit
./applications/wm5_all_reshape_2/GHSOM/output/wm5_all_reshape_2-item-seq\wm5_all_reshape_2-item-seq_submap_lvl4_1x2_2x1_0x0.unit
./applications/wm5_all_reshape_2/GHSOM/output/wm5_all_reshape_2-item-seq\wm5_all_reshape_2-item-seq_submap_lvl5_1x2_1x1_2x0_0x2.unit
./applications/wm5_all_reshape_2/GHSOM/output/wm5_all_reshape_2-item-seq\wm5_all_reshape_2-item-seq_submap_lvl5_1x2_1x1_2x0_1x0.unit
./applications/wm5_all_reshape_2/GHSOM/output/wm5_all_reshape_2-item-seq\wm5_all_reshape_2-item-seq_submap_lvl6_1x2_1x1_2x0_0x2_1x1.unit
layer: [6, 6, 6, 6, 6, 6]
max_layer: 6
number_of_digits: [1, 1, 1, 1, 1, 1]

