03-13 21:17:33 root         INFO     ./applications/wm5_all_reshape_2/GHSOM/output/wm5_all_reshape_2-item-seq\wm5_all_reshape_2-item-seq.unit
./applications/wm5_all_reshape_2/GHSOM/output/wm5_all_reshape_2-item-seq\wm5_all_reshape_2-item-seq_submap_lvl2_0x0.unit
./applications/wm5_all_reshape_2/GHSOM/output/wm5_all_reshape_2-item-seq\wm5_all_reshape_2-item-seq_submap_lvl2_0x2.unit
./applications/wm5_all_reshape_2/GHSOM/output/wm5_all_reshape_2-item-seq\wm5_all_reshape_2-item-seq_submap_lvl2_0x3.unit
./applications/wm5_all_reshape_2/GHSOM/output/wm5_all_reshape_2-item-seq\wm5_all_reshape_2-item-seq_submap_lvl2_0x4.unit
./applications/wm5_all_reshape_2/GHSOM/output/wm5_all_reshape_2-item-seq\wm5_all_reshape_2-item-seq_submap_lvl2_1x0.unit
./applications/wm5_all_reshape_2/GHSOM/output/wm5_all_reshape_2-item-seq\wm5_all_reshape_2-item-seq_submap_lvl2_1x1.unit
./applications/wm5_all_reshape_2/GHSOM/output/wm5_all_reshape_2-item-seq\wm5_all_reshape_2-item-seq_submap_lvl2_1x2.unit
./applications/wm5_all_reshape_2/GHSOM/output/wm5_all_reshape_2-item-seq\wm5_all_reshape_2-item-seq_submap_lvl2_1x3.unit
./applications/wm5_all_reshape_2/GHSOM/output/wm5_all_reshape_2-item-seq\wm5_all_reshape_2-item-seq_submap_lvl2_1x4.unit
./applications/wm5_all_reshape_2/GHSOM/output/wm5_all_reshape_2-item-seq\wm5_all_reshape_2-item-seq_submap_lvl3_0x2_1x0.unit
./applications/wm5_all_reshape_2/GHSOM/output/wm5_all_reshape_2-item-seq\wm5_all_reshape_2-item-seq_submap_lvl3_0x3_1x1.unit
./applications/wm5_all_reshape_2/GHSOM/output/wm5_all_reshape_2-item-seq\wm5_all_reshape_2-item-seq_submap_lvl3_0x4_1x1.unit
./applications/wm5_all_reshape_2/GHSOM/output/wm5_all_reshape_2-item-seq\wm5_all_reshape_2-item-seq_submap_lvl3_1x2_0x1.unit
./applications/wm5_all_reshape_2/GHSOM/output/wm5_all_reshape_2-item-seq\wm5_all_reshape_2-item-seq_submap_lvl3_1x2_0x2.unit
./applications/wm5_all_reshape_2/GHSOM/output/wm5_all_reshape_2-item-seq\wm5_all_reshape_2-item-seq_submap_lvl3_1x2_1x0.unit
./applications/wm5_all_reshape_2/GHSOM/output/wm5_all_reshape_2-item-seq\wm5_all_reshape_2-item-seq_submap_lvl3_1x2_1x2.unit
./applications/wm5_all_reshape_2/GHSOM/output/wm5_all_reshape_2-item-seq\wm5_all_reshape_2-item-seq_submap_lvl3_1x2_2x1.unit
./applications/wm5_all_reshape_2/GHSOM/output/wm5_all_reshape_2-item-seq\wm5_all_reshape_2-item-seq_submap_lvl3_1x3_1x0.unit
./applications/wm5_all_reshape_2/GHSOM/output/wm5_all_reshape_2-item-seq\wm5_all_reshape_2-item-seq_submap_lvl3_1x3_2x1.unit
./applications/wm5_all_reshape_2/GHSOM/output/wm5_all_reshape_2-item-seq\wm5_all_reshape_2-item-seq_submap_lvl4_0x3_1x1_0x1.unit
./applications/wm5_all_reshape_2/GHSOM/output/wm5_all_reshape_2-item-seq\wm5_all_reshape_2-item-seq_submap_lvl4_1x2_0x1_0x2.unit
./applications/wm5_all_reshape_2/GHSOM/output/wm5_all_reshape_2-item-seq\wm5_all_reshape_2-item-seq_submap_lvl4_1x2_0x1_1x0.unit
./applications/wm5_all_reshape_2/GHSOM/output/wm5_all_reshape_2-item-seq\wm5_all_reshape_2-item-seq_submap_lvl4_1x3_1x0_0x1.unit
./applications/wm5_all_reshape_2/GHSOM/output/wm5_all_reshape_2-item-seq\wm5_all_reshape_2-item-seq_submap_lvl5_1x2_0x1_0x2_0x0.unit
layer: [10, 9, 8, 6, 6]
max_layer: 5
number_of_digits: [2, 1, 1, 1, 1]

03-13 21:17:34 root         INFO     ./applications/wm5_all_reshape_2/GHSOM/output/wm5_all_reshape_2-item-seq\wm5_all_reshape_2-item-seq.unit
./applications/wm5_all_reshape_2/GHSOM/output/wm5_all_reshape_2-item-seq\wm5_all_reshape_2-item-seq_submap_lvl2_0x0.unit
./applications/wm5_all_reshape_2/GHSOM/output/wm5_all_reshape_2-item-seq\wm5_all_reshape_2-item-seq_submap_lvl2_0x2.unit
./applications/wm5_all_reshape_2/GHSOM/output/wm5_all_reshape_2-item-seq\wm5_all_reshape_2-item-seq_submap_lvl2_0x3.unit
./applications/wm5_all_reshape_2/GHSOM/output/wm5_all_reshape_2-item-seq\wm5_all_reshape_2-item-seq_submap_lvl2_0x4.unit
./applications/wm5_all_reshape_2/GHSOM/output/wm5_all_reshape_2-item-seq\wm5_all_reshape_2-item-seq_submap_lvl2_1x0.unit
./applications/wm5_all_reshape_2/GHSOM/output/wm5_all_reshape_2-item-seq\wm5_all_reshape_2-item-seq_submap_lvl2_1x1.unit
./applications/wm5_all_reshape_2/GHSOM/output/wm5_all_reshape_2-item-seq\wm5_all_reshape_2-item-seq_submap_lvl2_1x2.unit
./applications/wm5_all_reshape_2/GHSOM/output/wm5_all_reshape_2-item-seq\wm5_all_reshape_2-item-seq_submap_lvl2_1x3.unit
./applications/wm5_all_reshape_2/GHSOM/output/wm5_all_reshape_2-item-seq\wm5_all_reshape_2-item-seq_submap_lvl2_1x4.unit
./applications/wm5_all_reshape_2/GHSOM/output/wm5_all_reshape_2-item-seq\wm5_all_reshape_2-item-seq_submap_lvl3_0x2_1x0.unit
./applications/wm5_all_reshape_2/GHSOM/output/wm5_all_reshape_2-item-seq\wm5_all_reshape_2-item-seq_submap_lvl3_0x3_1x1.unit
./applications/wm5_all_reshape_2/GHSOM/output/wm5_all_reshape_2-item-seq\wm5_all_reshape_2-item-seq_submap_lvl3_0x4_1x1.unit
./applications/wm5_all_reshape_2/GHSOM/output/wm5_all_reshape_2-item-seq\wm5_all_reshape_2-item-seq_submap_lvl3_1x2_0x1.unit
./applications/wm5_all_reshape_2/GHSOM/output/wm5_all_reshape_2-item-seq\wm5_all_reshape_2-item-seq_submap_lvl3_1x2_0x2.unit
./applications/wm5_all_reshape_2/GHSOM/output/wm5_all_reshape_2-item-seq\wm5_all_reshape_2-item-seq_submap_lvl3_1x2_1x0.unit
./applications/wm5_all_reshape_2/GHSOM/output/wm5_all_reshape_2-item-seq\wm5_all_reshape_2-item-seq_submap_lvl3_1x2_1x2.unit
./applications/wm5_all_reshape_2/GHSOM/output/wm5_all_reshape_2-item-seq\wm5_all_reshape_2-item-seq_submap_lvl3_1x2_2x1.unit
./applications/wm5_all_reshape_2/GHSOM/output/wm5_all_reshape_2-item-seq\wm5_all_reshape_2-item-seq_submap_lvl3_1x3_1x0.unit
./applications/wm5_all_reshape_2/GHSOM/output/wm5_all_reshape_2-item-seq\wm5_all_reshape_2-item-seq_submap_lvl3_1x3_2x1.unit
./applications/wm5_all_reshape_2/GHSOM/output/wm5_all_reshape_2-item-seq\wm5_all_reshape_2-item-seq_submap_lvl4_0x3_1x1_0x1.unit
./applications/wm5_all_reshape_2/GHSOM/output/wm5_all_reshape_2-item-seq\wm5_all_reshape_2-item-seq_submap_lvl4_1x2_0x1_0x2.unit
./applications/wm5_all_reshape_2/GHSOM/output/wm5_all_reshape_2-item-seq\wm5_all_reshape_2-item-seq_submap_lvl4_1x2_0x1_1x0.unit
./applications/wm5_all_reshape_2/GHSOM/output/wm5_all_reshape_2-item-seq\wm5_all_reshape_2-item-seq_submap_lvl4_1x3_1x0_0x1.unit
./applications/wm5_all_reshape_2/GHSOM/output/wm5_all_reshape_2-item-seq\wm5_all_reshape_2-item-seq_submap_lvl5_1x2_0x1_0x2_0x0.unit
layer: [10, 9, 8, 6, 6]
max_layer: 5
number_of_digits: [2, 1, 1, 1, 1]

