02-26 17:05:15 root         INFO     ./applications/wm5-normalize-experiment-8/GHSOM/output/wm5-normalize-experiment-8-item-seq\wm5-normalize-experiment-8-item-seq.unit
./applications/wm5-normalize-experiment-8/GHSOM/output/wm5-normalize-experiment-8-item-seq\wm5-normalize-experiment-8-item-seq_submap_lvl2_0x1.unit
./applications/wm5-normalize-experiment-8/GHSOM/output/wm5-normalize-experiment-8-item-seq\wm5-normalize-experiment-8-item-seq_submap_lvl2_0x4.unit
./applications/wm5-normalize-experiment-8/GHSOM/output/wm5-normalize-experiment-8-item-seq\wm5-normalize-experiment-8-item-seq_submap_lvl2_0x5.unit
./applications/wm5-normalize-experiment-8/GHSOM/output/wm5-normalize-experiment-8-item-seq\wm5-normalize-experiment-8-item-seq_submap_lvl2_1x2.unit
./applications/wm5-normalize-experiment-8/GHSOM/output/wm5-normalize-experiment-8-item-seq\wm5-normalize-experiment-8-item-seq_submap_lvl2_2x4.unit
./applications/wm5-normalize-experiment-8/GHSOM/output/wm5-normalize-experiment-8-item-seq\wm5-normalize-experiment-8-item-seq_submap_lvl2_3x1.unit
./applications/wm5-normalize-experiment-8/GHSOM/output/wm5-normalize-experiment-8-item-seq\wm5-normalize-experiment-8-item-seq_submap_lvl2_3x4.unit
./applications/wm5-normalize-experiment-8/GHSOM/output/wm5-normalize-experiment-8-item-seq\wm5-normalize-experiment-8-item-seq_submap_lvl2_4x2.unit
./applications/wm5-normalize-experiment-8/GHSOM/output/wm5-normalize-experiment-8-item-seq\wm5-normalize-experiment-8-item-seq_submap_lvl2_4x3.unit
./applications/wm5-normalize-experiment-8/GHSOM/output/wm5-normalize-experiment-8-item-seq\wm5-normalize-experiment-8-item-seq_submap_lvl2_4x5.unit
./applications/wm5-normalize-experiment-8/GHSOM/output/wm5-normalize-experiment-8-item-seq\wm5-normalize-experiment-8-item-seq_submap_lvl2_5x5.unit
./applications/wm5-normalize-experiment-8/GHSOM/output/wm5-normalize-experiment-8-item-seq\wm5-normalize-experiment-8-item-seq_submap_lvl2_6x1.unit
./applications/wm5-normalize-experiment-8/GHSOM/output/wm5-normalize-experiment-8-item-seq\wm5-normalize-experiment-8-item-seq_submap_lvl2_6x3.unit
./applications/wm5-normalize-experiment-8/GHSOM/output/wm5-normalize-experiment-8-item-seq\wm5-normalize-experiment-8-item-seq_submap_lvl2_6x5.unit
layer: [42, 24]
max_layer: 2
number_of_digits: [2, 2]

02-26 17:05:17 root         INFO     ./applications/wm5-normalize-experiment-8/GHSOM/output/wm5-normalize-experiment-8-item-seq\wm5-normalize-experiment-8-item-seq.unit
./applications/wm5-normalize-experiment-8/GHSOM/output/wm5-normalize-experiment-8-item-seq\wm5-normalize-experiment-8-item-seq_submap_lvl2_0x1.unit
./applications/wm5-normalize-experiment-8/GHSOM/output/wm5-normalize-experiment-8-item-seq\wm5-normalize-experiment-8-item-seq_submap_lvl2_0x4.unit
./applications/wm5-normalize-experiment-8/GHSOM/output/wm5-normalize-experiment-8-item-seq\wm5-normalize-experiment-8-item-seq_submap_lvl2_0x5.unit
./applications/wm5-normalize-experiment-8/GHSOM/output/wm5-normalize-experiment-8-item-seq\wm5-normalize-experiment-8-item-seq_submap_lvl2_1x2.unit
./applications/wm5-normalize-experiment-8/GHSOM/output/wm5-normalize-experiment-8-item-seq\wm5-normalize-experiment-8-item-seq_submap_lvl2_2x4.unit
./applications/wm5-normalize-experiment-8/GHSOM/output/wm5-normalize-experiment-8-item-seq\wm5-normalize-experiment-8-item-seq_submap_lvl2_3x1.unit
./applications/wm5-normalize-experiment-8/GHSOM/output/wm5-normalize-experiment-8-item-seq\wm5-normalize-experiment-8-item-seq_submap_lvl2_3x4.unit
./applications/wm5-normalize-experiment-8/GHSOM/output/wm5-normalize-experiment-8-item-seq\wm5-normalize-experiment-8-item-seq_submap_lvl2_4x2.unit
./applications/wm5-normalize-experiment-8/GHSOM/output/wm5-normalize-experiment-8-item-seq\wm5-normalize-experiment-8-item-seq_submap_lvl2_4x3.unit
./applications/wm5-normalize-experiment-8/GHSOM/output/wm5-normalize-experiment-8-item-seq\wm5-normalize-experiment-8-item-seq_submap_lvl2_4x5.unit
./applications/wm5-normalize-experiment-8/GHSOM/output/wm5-normalize-experiment-8-item-seq\wm5-normalize-experiment-8-item-seq_submap_lvl2_5x5.unit
./applications/wm5-normalize-experiment-8/GHSOM/output/wm5-normalize-experiment-8-item-seq\wm5-normalize-experiment-8-item-seq_submap_lvl2_6x1.unit
./applications/wm5-normalize-experiment-8/GHSOM/output/wm5-normalize-experiment-8-item-seq\wm5-normalize-experiment-8-item-seq_submap_lvl2_6x3.unit
./applications/wm5-normalize-experiment-8/GHSOM/output/wm5-normalize-experiment-8-item-seq\wm5-normalize-experiment-8-item-seq_submap_lvl2_6x5.unit
layer: [42, 24]
max_layer: 2
number_of_digits: [2, 2]

