04-21 13:13:22 root         INFO     ./applications/wm5_all_minutes_normalize_2/GHSOM/output/wm5_all_minutes_normalize_2-item-seq\wm5_all_minutes_normalize_2-item-seq.unit
./applications/wm5_all_minutes_normalize_2/GHSOM/output/wm5_all_minutes_normalize_2-item-seq\wm5_all_minutes_normalize_2-item-seq_submap_lvl2_0x0.unit
./applications/wm5_all_minutes_normalize_2/GHSOM/output/wm5_all_minutes_normalize_2-item-seq\wm5_all_minutes_normalize_2-item-seq_submap_lvl2_0x1.unit
./applications/wm5_all_minutes_normalize_2/GHSOM/output/wm5_all_minutes_normalize_2-item-seq\wm5_all_minutes_normalize_2-item-seq_submap_lvl2_0x2.unit
./applications/wm5_all_minutes_normalize_2/GHSOM/output/wm5_all_minutes_normalize_2-item-seq\wm5_all_minutes_normalize_2-item-seq_submap_lvl2_0x3.unit
./applications/wm5_all_minutes_normalize_2/GHSOM/output/wm5_all_minutes_normalize_2-item-seq\wm5_all_minutes_normalize_2-item-seq_submap_lvl2_1x0.unit
./applications/wm5_all_minutes_normalize_2/GHSOM/output/wm5_all_minutes_normalize_2-item-seq\wm5_all_minutes_normalize_2-item-seq_submap_lvl2_1x1.unit
./applications/wm5_all_minutes_normalize_2/GHSOM/output/wm5_all_minutes_normalize_2-item-seq\wm5_all_minutes_normalize_2-item-seq_submap_lvl2_1x2.unit
./applications/wm5_all_minutes_normalize_2/GHSOM/output/wm5_all_minutes_normalize_2-item-seq\wm5_all_minutes_normalize_2-item-seq_submap_lvl2_1x3.unit
./applications/wm5_all_minutes_normalize_2/GHSOM/output/wm5_all_minutes_normalize_2-item-seq\wm5_all_minutes_normalize_2-item-seq_submap_lvl3_0x0_0x0.unit
./applications/wm5_all_minutes_normalize_2/GHSOM/output/wm5_all_minutes_normalize_2-item-seq\wm5_all_minutes_normalize_2-item-seq_submap_lvl3_0x0_0x1.unit
./applications/wm5_all_minutes_normalize_2/GHSOM/output/wm5_all_minutes_normalize_2-item-seq\wm5_all_minutes_normalize_2-item-seq_submap_lvl3_0x0_0x2.unit
./applications/wm5_all_minutes_normalize_2/GHSOM/output/wm5_all_minutes_normalize_2-item-seq\wm5_all_minutes_normalize_2-item-seq_submap_lvl3_0x0_1x0.unit
./applications/wm5_all_minutes_normalize_2/GHSOM/output/wm5_all_minutes_normalize_2-item-seq\wm5_all_minutes_normalize_2-item-seq_submap_lvl3_0x1_0x1.unit
./applications/wm5_all_minutes_normalize_2/GHSOM/output/wm5_all_minutes_normalize_2-item-seq\wm5_all_minutes_normalize_2-item-seq_submap_lvl3_0x2_0x1.unit
./applications/wm5_all_minutes_normalize_2/GHSOM/output/wm5_all_minutes_normalize_2-item-seq\wm5_all_minutes_normalize_2-item-seq_submap_lvl3_0x2_0x2.unit
./applications/wm5_all_minutes_normalize_2/GHSOM/output/wm5_all_minutes_normalize_2-item-seq\wm5_all_minutes_normalize_2-item-seq_submap_lvl3_1x0_1x0.unit
./applications/wm5_all_minutes_normalize_2/GHSOM/output/wm5_all_minutes_normalize_2-item-seq\wm5_all_minutes_normalize_2-item-seq_submap_lvl3_1x1_1x1.unit
./applications/wm5_all_minutes_normalize_2/GHSOM/output/wm5_all_minutes_normalize_2-item-seq\wm5_all_minutes_normalize_2-item-seq_submap_lvl3_1x2_0x0.unit
./applications/wm5_all_minutes_normalize_2/GHSOM/output/wm5_all_minutes_normalize_2-item-seq\wm5_all_minutes_normalize_2-item-seq_submap_lvl3_1x3_1x1.unit
./applications/wm5_all_minutes_normalize_2/GHSOM/output/wm5_all_minutes_normalize_2-item-seq\wm5_all_minutes_normalize_2-item-seq_submap_lvl4_0x0_0x1_0x1.unit
./applications/wm5_all_minutes_normalize_2/GHSOM/output/wm5_all_minutes_normalize_2-item-seq\wm5_all_minutes_normalize_2-item-seq_submap_lvl5_0x0_0x1_0x1_1x1.unit
layer: [8, 8, 6, 6, 6]
max_layer: 5
number_of_digits: [1, 1, 1, 1, 1]

