02-26 15:39:22 root         INFO     ./applications/wm5-normalize-experiment-3/GHSOM/output/wm5-normalize-experiment-3-item-seq\wm5-normalize-experiment-3-item-seq.unit
./applications/wm5-normalize-experiment-3/GHSOM/output/wm5-normalize-experiment-3-item-seq\wm5-normalize-experiment-3-item-seq_submap_lvl2_0x0.unit
./applications/wm5-normalize-experiment-3/GHSOM/output/wm5-normalize-experiment-3-item-seq\wm5-normalize-experiment-3-item-seq_submap_lvl2_0x1.unit
./applications/wm5-normalize-experiment-3/GHSOM/output/wm5-normalize-experiment-3-item-seq\wm5-normalize-experiment-3-item-seq_submap_lvl2_0x2.unit
./applications/wm5-normalize-experiment-3/GHSOM/output/wm5-normalize-experiment-3-item-seq\wm5-normalize-experiment-3-item-seq_submap_lvl2_1x1.unit
./applications/wm5-normalize-experiment-3/GHSOM/output/wm5-normalize-experiment-3-item-seq\wm5-normalize-experiment-3-item-seq_submap_lvl2_1x2.unit
./applications/wm5-normalize-experiment-3/GHSOM/output/wm5-normalize-experiment-3-item-seq\wm5-normalize-experiment-3-item-seq_submap_lvl2_2x1.unit
./applications/wm5-normalize-experiment-3/GHSOM/output/wm5-normalize-experiment-3-item-seq\wm5-normalize-experiment-3-item-seq_submap_lvl2_2x2.unit
layer: [9, 9]
max_layer: 2
number_of_digits: [1, 1]

02-26 15:39:23 root         INFO     ./applications/wm5-normalize-experiment-3/GHSOM/output/wm5-normalize-experiment-3-item-seq\wm5-normalize-experiment-3-item-seq.unit
./applications/wm5-normalize-experiment-3/GHSOM/output/wm5-normalize-experiment-3-item-seq\wm5-normalize-experiment-3-item-seq_submap_lvl2_0x0.unit
./applications/wm5-normalize-experiment-3/GHSOM/output/wm5-normalize-experiment-3-item-seq\wm5-normalize-experiment-3-item-seq_submap_lvl2_0x1.unit
./applications/wm5-normalize-experiment-3/GHSOM/output/wm5-normalize-experiment-3-item-seq\wm5-normalize-experiment-3-item-seq_submap_lvl2_0x2.unit
./applications/wm5-normalize-experiment-3/GHSOM/output/wm5-normalize-experiment-3-item-seq\wm5-normalize-experiment-3-item-seq_submap_lvl2_1x1.unit
./applications/wm5-normalize-experiment-3/GHSOM/output/wm5-normalize-experiment-3-item-seq\wm5-normalize-experiment-3-item-seq_submap_lvl2_1x2.unit
./applications/wm5-normalize-experiment-3/GHSOM/output/wm5-normalize-experiment-3-item-seq\wm5-normalize-experiment-3-item-seq_submap_lvl2_2x1.unit
./applications/wm5-normalize-experiment-3/GHSOM/output/wm5-normalize-experiment-3-item-seq\wm5-normalize-experiment-3-item-seq_submap_lvl2_2x2.unit
layer: [9, 9]
max_layer: 2
number_of_digits: [1, 1]

