02-23 16:04:57 root         INFO     ./applications/wm5-normalize-new/GHSOM/output/wm5-normalize-new-item-seq\wm5-normalize-new-item-seq.unit
./applications/wm5-normalize-new/GHSOM/output/wm5-normalize-new-item-seq\wm5-normalize-new-item-seq_submap_lvl2_0x0.unit
./applications/wm5-normalize-new/GHSOM/output/wm5-normalize-new-item-seq\wm5-normalize-new-item-seq_submap_lvl2_0x1.unit
./applications/wm5-normalize-new/GHSOM/output/wm5-normalize-new-item-seq\wm5-normalize-new-item-seq_submap_lvl2_1x0.unit
./applications/wm5-normalize-new/GHSOM/output/wm5-normalize-new-item-seq\wm5-normalize-new-item-seq_submap_lvl2_1x1.unit
./applications/wm5-normalize-new/GHSOM/output/wm5-normalize-new-item-seq\wm5-normalize-new-item-seq_submap_lvl2_2x0.unit
./applications/wm5-normalize-new/GHSOM/output/wm5-normalize-new-item-seq\wm5-normalize-new-item-seq_submap_lvl2_2x1.unit
./applications/wm5-normalize-new/GHSOM/output/wm5-normalize-new-item-seq\wm5-normalize-new-item-seq_submap_lvl2_3x0.unit
./applications/wm5-normalize-new/GHSOM/output/wm5-normalize-new-item-seq\wm5-normalize-new-item-seq_submap_lvl2_3x1.unit
./applications/wm5-normalize-new/GHSOM/output/wm5-normalize-new-item-seq\wm5-normalize-new-item-seq_submap_lvl3_0x0_0x0.unit
./applications/wm5-normalize-new/GHSOM/output/wm5-normalize-new-item-seq\wm5-normalize-new-item-seq_submap_lvl3_0x1_1x0.unit
./applications/wm5-normalize-new/GHSOM/output/wm5-normalize-new-item-seq\wm5-normalize-new-item-seq_submap_lvl3_1x1_0x0.unit
./applications/wm5-normalize-new/GHSOM/output/wm5-normalize-new-item-seq\wm5-normalize-new-item-seq_submap_lvl3_1x1_0x1.unit
./applications/wm5-normalize-new/GHSOM/output/wm5-normalize-new-item-seq\wm5-normalize-new-item-seq_submap_lvl3_3x1_1x0.unit
./applications/wm5-normalize-new/GHSOM/output/wm5-normalize-new-item-seq\wm5-normalize-new-item-seq_submap_lvl3_3x1_2x0.unit
./applications/wm5-normalize-new/GHSOM/output/wm5-normalize-new-item-seq\wm5-normalize-new-item-seq_submap_lvl4_1x1_0x1_0x0.unit
./applications/wm5-normalize-new/GHSOM/output/wm5-normalize-new-item-seq\wm5-normalize-new-item-seq_submap_lvl4_1x1_0x1_1x0.unit
./applications/wm5-normalize-new/GHSOM/output/wm5-normalize-new-item-seq\wm5-normalize-new-item-seq_submap_lvl4_3x1_2x0_1x2.unit
layer: [8, 6, 6, 6]
max_layer: 4
number_of_digits: [1, 1, 1, 1]

