09-25 15:20:20 root         INFO     ./applications/wm5-normalize/GHSOM/output/wm5-normalize-item-seq\wm5-normalize-item-seq.unit
./applications/wm5-normalize/GHSOM/output/wm5-normalize-item-seq\wm5-normalize-item-seq_submap_lvl2_0x0.unit
./applications/wm5-normalize/GHSOM/output/wm5-normalize-item-seq\wm5-normalize-item-seq_submap_lvl2_0x1.unit
./applications/wm5-normalize/GHSOM/output/wm5-normalize-item-seq\wm5-normalize-item-seq_submap_lvl2_1x0.unit
./applications/wm5-normalize/GHSOM/output/wm5-normalize-item-seq\wm5-normalize-item-seq_submap_lvl2_1x1.unit
./applications/wm5-normalize/GHSOM/output/wm5-normalize-item-seq\wm5-normalize-item-seq_submap_lvl2_2x0.unit
./applications/wm5-normalize/GHSOM/output/wm5-normalize-item-seq\wm5-normalize-item-seq_submap_lvl2_2x1.unit
./applications/wm5-normalize/GHSOM/output/wm5-normalize-item-seq\wm5-normalize-item-seq_submap_lvl3_0x1_2x0.unit
./applications/wm5-normalize/GHSOM/output/wm5-normalize-item-seq\wm5-normalize-item-seq_submap_lvl3_1x0_0x1.unit
./applications/wm5-normalize/GHSOM/output/wm5-normalize-item-seq\wm5-normalize-item-seq_submap_lvl3_1x1_0x1.unit
./applications/wm5-normalize/GHSOM/output/wm5-normalize-item-seq\wm5-normalize-item-seq_submap_lvl3_1x1_1x0.unit
./applications/wm5-normalize/GHSOM/output/wm5-normalize-item-seq\wm5-normalize-item-seq_submap_lvl3_2x1_2x0.unit
./applications/wm5-normalize/GHSOM/output/wm5-normalize-item-seq\wm5-normalize-item-seq_submap_lvl3_2x1_2x1.unit
./applications/wm5-normalize/GHSOM/output/wm5-normalize-item-seq\wm5-normalize-item-seq_submap_lvl3_2x1_3x0.unit
./applications/wm5-normalize/GHSOM/output/wm5-normalize-item-seq\wm5-normalize-item-seq_submap_lvl4_2x1_2x1_1x0.unit
layer: [6, 8, 6, 6]
max_layer: 4
number_of_digits: [1, 1, 1, 1]

09-25 15:20:22 root         INFO     ./applications/wm5-normalize/GHSOM/output/wm5-normalize-item-seq\wm5-normalize-item-seq.unit
./applications/wm5-normalize/GHSOM/output/wm5-normalize-item-seq\wm5-normalize-item-seq_submap_lvl2_0x0.unit
./applications/wm5-normalize/GHSOM/output/wm5-normalize-item-seq\wm5-normalize-item-seq_submap_lvl2_0x1.unit
./applications/wm5-normalize/GHSOM/output/wm5-normalize-item-seq\wm5-normalize-item-seq_submap_lvl2_1x0.unit
./applications/wm5-normalize/GHSOM/output/wm5-normalize-item-seq\wm5-normalize-item-seq_submap_lvl2_1x1.unit
./applications/wm5-normalize/GHSOM/output/wm5-normalize-item-seq\wm5-normalize-item-seq_submap_lvl2_2x0.unit
./applications/wm5-normalize/GHSOM/output/wm5-normalize-item-seq\wm5-normalize-item-seq_submap_lvl2_2x1.unit
./applications/wm5-normalize/GHSOM/output/wm5-normalize-item-seq\wm5-normalize-item-seq_submap_lvl3_0x1_2x0.unit
./applications/wm5-normalize/GHSOM/output/wm5-normalize-item-seq\wm5-normalize-item-seq_submap_lvl3_1x0_0x1.unit
./applications/wm5-normalize/GHSOM/output/wm5-normalize-item-seq\wm5-normalize-item-seq_submap_lvl3_1x1_0x1.unit
./applications/wm5-normalize/GHSOM/output/wm5-normalize-item-seq\wm5-normalize-item-seq_submap_lvl3_1x1_1x0.unit
./applications/wm5-normalize/GHSOM/output/wm5-normalize-item-seq\wm5-normalize-item-seq_submap_lvl3_2x1_2x0.unit
./applications/wm5-normalize/GHSOM/output/wm5-normalize-item-seq\wm5-normalize-item-seq_submap_lvl3_2x1_2x1.unit
./applications/wm5-normalize/GHSOM/output/wm5-normalize-item-seq\wm5-normalize-item-seq_submap_lvl3_2x1_3x0.unit
./applications/wm5-normalize/GHSOM/output/wm5-normalize-item-seq\wm5-normalize-item-seq_submap_lvl4_2x1_2x1_1x0.unit
layer: [6, 8, 6, 6]
max_layer: 4
number_of_digits: [1, 1, 1, 1]

